This is TeX, Version 3.1415926 (TeX Live 2012) (format=tex 2012.7.9)  4 SEP 2012 09:23
**ch1
(./ch1 (/usr/local/texlive/2011/../texmf-local/tex/psfig/psfig.tex
(/usr/local/texlive/2011/../texmf-local/tex/psfig/psfig.sty
\@unused=\write0
\fboxrule=\dimen16
\fboxsep=\dimen17
\ps@tempdima=\dimen18
\ps@tempboxa=\box16
\ps@stream=\read0
\p@intvaluex=\dimen19
\p@intvaluey=\dimen20

psfig/tex 1.10-dvips
))
Underfull \hbox (badness 10000) has occurred while \output is active
[]

\hbox(8.5+0.0)x295.6491
.\vbox(8.5+0.0)x0.0

[1] [2] [3] [4] [5] [6] [7] [8] [9] [10] [11]
Underfull \vbox (badness 2707) has occurred while \output is active
\vbox(492.74959+1.94444)x295.6491, glue set 3.00496
.\glue(\topskip) 1.66667
.\hbox(8.33333+2.33333)x295.6491, glue set 94.82738fil
..\hbox(6.94444+1.94444)x4.44447
...\mathon
...\tensy x
...\mathoff
..\twelvebf 2
..\twelvebf .
..\glue 6.1333 plus 6.89996 minus 0.51111
..\twelvebf E
..etc.
.\glue 3.0 plus 1.0 minus 1.0
.\glue(\parskip) 0.0 plus 1.0
.\glue(\baselineskip) 2.72223
.etc.

 [12]
[13] [14]
Underfull \vbox (badness 10000) has occurred while \output is active
\vbox(492.74959+1.94444)x295.6491, glue set 4.97218
.\glue(\topskip) 3.05556
.\hbox(6.94444+1.94444)x295.6491, glue set - 0.01244
..\tenbf R
..\tenbf e
..\tenbf m
..\tenbf a
..\tenbf r
..etc.
.\penalty 400
.\glue(\baselineskip) 3.11111
.\hbox(6.94444+0.0)x295.6491, glue set 277.31572fil
..\tenrm l
..\tenrm e
..\tenrm m
..\tenrm .
..\penalty 10000
..etc.
.etc.

 [15]
[16] [17] [18] [19] [20] [21] [22]
Underfull \vbox (badness 1048) has occurred while \output is active
\vbox(492.74959+2.5)x295.6491, glue set 2.19005
.\glue(\topskip) 3.05556
.\hbox(6.94444+1.94444)x295.6491, glue set 0.06422
..\tenrm u
..\tenrm n
..\tenrm k
..\tenrm n
..\tenrm o
..etc.
.\glue(\baselineskip) 2.55556
.\hbox(7.5+2.5)x295.6491, glue set 0.50392
..\tenrm p
..\tenrm r
..\tenrm o
..\tenrm b
..\tenrm l
..etc.
.\penalty 150
.etc.

 [23]
[24]
psfig: searching Ex.3.1.eps for bounding box
psfig: including Ex.3.1.eps 
[25] [26]
psfig: searching Ex.4.4.eps for bounding box
psfig: including Ex.4.4.eps 
psfig: searching Ex.4.5a.eps for bounding box
psfig: including Ex.4.5a.eps 
[27]
psfig: searching Ex.4.5b.eps for bounding box
psfig: including Ex.4.5b.eps 
[28]
psfig: searching Fig.3.10.eps for bounding box
psfig: including Fig.3.10.eps 
[29]
psfig: searching Fig.3.12.eps for bounding box
psfig: including Fig.3.12.eps 
[30]
psfig: searching Fig.3.14.eps for bounding box
psfig: including Fig.3.14.eps 
[31] [32] [33] )
Output written on ch1.dvi (33 pages, 96124 bytes).
