This is TeX, Version 3.1415926 (TeX Live 2012) (format=tex 2012.7.9)  13 DEC 2012 09:52
**ap
(./ap
Underfull \hbox (badness 10000) has occurred while \output is active
[]

\hbox(8.5+0.0)x295.6491
.\vbox(8.5+0.0)x0.0

[257] [258] [259] [260] [261] [262] [263] [264] [265] [266] [267] [268]
[269] [270] [271] [272] [273] [274] [275] [276] [277] [278] [279] [280]
[281] [282] [283] [284]
Overfull \hbox (1.96416pt too wide) in paragraph at lines 1484--1490
[]\tenrm Now we use the set-ting in (A3.4) with affine func-tions $\teni f\tenr
m (\teni x\tenrm )\teni ; g[]\tenrm (\teni x\tenrm )\teni :$|

\hbox(7.5+2.5)x295.6491, glue set - 1.0
.\hbox(0.0+0.0)x20.0
.\tenrm N
.\tenrm o
.\kern-0.27779
.\tenrm w
.etc.

\p@renwd=\dimen16
[285] [286] [287] [288] [289] [290] [291] [292] [293] [294] [295] [296]
[297] [298] [299] [300] )
Output written on ap.dvi (44 pages, 153836 bytes).
