This is pdfTeX, Version 3.14159265-2.6-1.40.16 (TeX Live 2015) (preloaded format=pdftex 2015.5.24)  2 NOV 2015 09:35
entering extended mode
 \write18 enabled.
 file:line:error style messages enabled.
 %&-line parsing enabled.
**ch1.tex
(./ch1.tex (/usr/local/texlive/texmf-local/tex/psfig/psfig.tex
(/usr/local/texlive/texmf-local/tex/psfig/psfig.sty
\@unused=\write0
\fboxrule=\dimen16
\fboxsep=\dimen17
\ps@tempdima=\dimen18
\ps@tempboxa=\box16
\ps@stream=\read1
\p@intvaluex=\dimen19
\p@intvaluey=\dimen20

psfig/tex 1.10-dvips
))
Underfull \hbox (badness 10000) has occurred while \output is active
[]

\hbox(8.5+0.0)x295.6491
.\vbox(8.5+0.0)x0.0

[1{/usr/local/texlive/2015/texmf-var/fonts/map/pdftex/updmap/pdftex.map}]
[2] [3] [4] [5] [6] [7] [8] [9] [10] [11]
Underfull \vbox (badness 2707) has occurred while \output is active
\vbox(492.74959+1.94444)x295.6491, glue set 3.00496
.\glue(\topskip) 1.66667
.\hbox(8.33333+2.33333)x295.6491, glue set 94.82738fil
..\hbox(6.94444+1.94444)x4.44447
...\mathon
...\tensy x
...\mathoff
..\twelvebf 2
..\twelvebf .
..\glue 6.1333 plus 6.89996 minus 0.51111
..\twelvebf E
..etc.
.\glue 3.0 plus 1.0 minus 1.0
.\glue(\parskip) 0.0 plus 1.0
.\glue(\baselineskip) 2.72223
.etc.

 [12]
[13] [14]
Underfull \vbox (badness 10000) has occurred while \output is active
\vbox(492.74959+1.94444)x295.6491, glue set 4.97218
.\glue(\topskip) 3.05556
.\hbox(6.94444+1.94444)x295.6491, glue set - 0.01244
..\tenbf R
..\tenbf e
..\tenbf m
..\tenbf a
..\tenbf r
..etc.
.\penalty 400
.\glue(\baselineskip) 3.11111
.\hbox(6.94444+0.0)x295.6491, glue set 277.31572fil
..\tenrm l
..\tenrm e
..\tenrm m
..\tenrm .
..\penalty 10000
..etc.
.etc.

 [15]
[16] [17] [18] [19] [20] [21] [22]
Underfull \vbox (badness 1048) has occurred while \output is active
\vbox(492.74959+2.5)x295.6491, glue set 2.19005
.\glue(\topskip) 3.05556
.\hbox(6.94444+1.94444)x295.6491, glue set 0.06422
..\tenrm u
..\tenrm n
..\tenrm k
..\tenrm n
..\tenrm o
..etc.
.\glue(\baselineskip) 2.55556
.\hbox(7.5+2.5)x295.6491, glue set 0.50392
..\tenrm p
..\tenrm r
..\tenrm o
..\tenrm b
..\tenrm l
..etc.
.\penalty 150
.etc.

 [23]
[24]
psfig: searching Ex.3.1.eps for bounding box
psfig: including Ex.3.1.eps 
[25
Non-PDF special ignored!
Non-PDF special ignored!
Non-PDF special ignored!] [26]
psfig: searching Ex.4.4.eps for bounding box
psfig: including Ex.4.4.eps 
psfig: searching Ex.4.5a.eps for bounding box
psfig: including Ex.4.5a.eps 
[27
Non-PDF special ignored!
Non-PDF special ignored!
Non-PDF special ignored!]
psfig: searching Ex.4.5b.eps for bounding box
psfig: including Ex.4.5b.eps 
[28
Non-PDF special ignored!
Non-PDF special ignored!
Non-PDF special ignored!
Non-PDF special ignored!
Non-PDF special ignored!
Non-PDF special ignored!]
psfig: searching Fig.3.10.eps for bounding box
psfig: including Fig.3.10.eps 
[29
Non-PDF special ignored!
Non-PDF special ignored!
Non-PDF special ignored!]
psfig: searching Fig.3.12.eps for bounding box
psfig: including Fig.3.12.eps 
[30
Non-PDF special ignored!
Non-PDF special ignored!
Non-PDF special ignored!]
psfig: searching Fig.3.14.eps for bounding box
psfig: including Fig.3.14.eps 
[31
Non-PDF special ignored!
Non-PDF special ignored!
Non-PDF special ignored!] [32] [33] )</usr/local/texlive/2015/texmf-dist/fonts/
type1/public/amsfonts/cm/cmbx10.pfb></usr/local/texlive/2015/texmf-dist/fonts/t
ype1/public/amsfonts/cm/cmex10.pfb></usr/local/texlive/2015/texmf-dist/fonts/ty
pe1/public/amsfonts/cm/cmmi10.pfb></usr/local/texlive/2015/texmf-dist/fonts/typ
e1/public/amsfonts/cm/cmmi7.pfb></usr/local/texlive/2015/texmf-dist/fonts/type1
/public/amsfonts/cm/cmr10.pfb></usr/local/texlive/2015/texmf-dist/fonts/type1/p
ublic/amsfonts/cm/cmr7.pfb></usr/local/texlive/2015/texmf-dist/fonts/type1/publ
ic/amsfonts/cm/cmsy10.pfb></usr/local/texlive/2015/texmf-dist/fonts/type1/publi
c/amsfonts/cm/cmti10.pfb>
Output written on ch1.pdf (33 pages, 195658 bytes).
PDF statistics:
 142 PDF objects out of 1000 (max. 8388607)
 98 compressed objects within 1 object stream
 0 named destinations out of 1000 (max. 500000)
 1 words of extra memory for PDF output out of 10000 (max. 10000000)

