This is TeX, Version 3.1415926 (TeX Live 2011) (format=tex 2011.8.5)  4 NOV 2011 11:54
**ch5
(./ch5 (/usr/local/texlive/2011/../texmf-local/tex/psfig/psfig.tex
(/usr/local/texlive/2011/../texmf-local/tex/psfig/psfig.sty
\@unused=\write0
\fboxrule=\dimen16
\fboxsep=\dimen17
\ps@tempdima=\dimen18
\ps@tempboxa=\box16
\ps@stream=\read0
\p@intvaluex=\dimen19
\p@intvaluey=\dimen20

psfig/tex 1.10-dvips
))
\p@renwd=\dimen21

Underfull \hbox (badness 10000) has occurred while \output is active
[]

\hbox(8.5+0.0)x295.6491
.\vbox(8.5+0.0)x0.0

[133] [134] [135] [136] [137] [138] [139] [140] [141] [142] [143] [144]
[145] [146] [147] [148] [149] [150]
psfig: searching Ex.14.12.eps for bounding box
psfig: including Ex.14.12.eps 
[151] [152] [153] [154] [155] [156] [157] [158] [159] [160] [161] [162]
[163] [164] [165] )
Output written on ch5.dvi (33 pages, 105252 bytes).
