This is TeX, Version 3.14159 (Web2C 7.2) (format=latex 1998.11.21)  23 FEB 2001 17:24
**text1
(text1
LaTeX2e <1998/06/01>
Babel <v3.6j> and hyphenation patterns for english, french, german, ngerman, no
hyphenation, loaded.
(/usr/local/lib/teTeX/texmf/tex/latex/base/article.cls
Document Class: article 1998/05/05 v1.3y Standard LaTeX document class
(/usr/local/lib/teTeX/texmf/tex/latex/base/size10.clo
File: size10.clo 1998/05/05 v1.3y Standard LaTeX file (size option)
)
\c@part=\count79
\c@section=\count80
\c@subsection=\count81
\c@subsubsection=\count82
\c@paragraph=\count83
\c@subparagraph=\count84
\c@figure=\count85
\c@table=\count86
\abovecaptionskip=\skip41
\belowcaptionskip=\skip42
\bibindent=\dimen102
)
(/usr/local/lib/teTeX/texmf/tex/latex/amsfonts/amssymb.sty
Package: amssymb 1996/11/03 v2.2b

(/usr/local/lib/teTeX/texmf/tex/latex/amsfonts/amsfonts.sty
Package: amsfonts 1997/09/17 v2.2e
\@emptytoks=\toks14
\symAMSa=\mathgroup4
\symAMSb=\mathgroup5
LaTeX Font Info:    Overwriting math alphabet `\mathfrak' in version `bold'
(Font)                  U/euf/m/n --> U/euf/b/n on input line 133.
))
(/usr/local/lib/teTeX/texmf/tex/latex/graphics/graphicx.sty
Package: graphicx 1997/06/09 v1.0d Enhanced LaTeX Graphics (DPC,SPQR)

(/usr/local/lib/teTeX/texmf/tex/latex/graphics/keyval.sty
Package: keyval 1998/06/05 v1.11 key=value parser (DPC)
\KV@toks@=\toks15
)
(/usr/local/lib/teTeX/texmf/tex/latex/graphics/graphics.sty
Package: graphics 1998/05/27 v1.0h Standard LaTeX Graphics (DPC,SPQR)

(/usr/local/lib/teTeX/texmf/tex/latex/graphics/trig.sty
Package: trig 1994/10/16 v1.08 sin cos tan (DPC)
)
(/usr/local/lib/teTeX/texmf/tex/latex/config/graphics.cfg)
Package graphics Info: Driver file: dvips.def on input line 85.

(/usr/local/lib/teTeX/texmf/tex/latex/graphics/dvips.def
File: dvips.def 1998/05/03 v3.0f Driver-dependant file (DPC,SPQR)
))
\Gin@req@height=\dimen103
\Gin@req@width=\dimen104
)
(/usr/local/lib/teTeX/texmf/tex/latex/amsmath/amsmath.sty
Package: amsmath 2000/07/18 v2.13 AMS math features
\@mathmargin=\skip43

For additional information on amsmath, use the `?' option.
(/usr/local/lib/teTeX/texmf/tex/latex/amsmath/amstext.sty
Package: amstext 2000/06/29 v2.01

(/usr/local/lib/teTeX/texmf/tex/latex/amsmath/amsgen.sty
File: amsgen.sty 1999/11/30 v2.0
\@emptytoks=\toks16
\ex@=\dimen105
))
(/usr/local/lib/teTeX/texmf/tex/latex/amsmath/amsbsy.sty
Package: amsbsy 1999/11/29 v1.2d
\pmbraise@=\dimen106
)
(/usr/local/lib/teTeX/texmf/tex/latex/amsmath/amsopn.sty
Package: amsopn 1999/12/14 v2.01 operator names
)
\inf@bad=\count87
LaTeX Info: Redefining \frac on input line 211.
\uproot@=\count88
\leftroot@=\count89
LaTeX Info: Redefining \overline on input line 307.
\classnum@=\count90
\DOTSCASE@=\count91
LaTeX Info: Redefining \ldots on input line 379.
LaTeX Info: Redefining \dots on input line 382.
LaTeX Info: Redefining \cdots on input line 467.
\Mathstrutbox@=\box26
\strutbox@=\box27
\big@size=\dimen107
LaTeX Font Info:    Redeclaring font encoding OML on input line 567.
LaTeX Font Info:    Redeclaring font encoding OMS on input line 568.
\macc@depth=\count92
\c@MaxMatrixCols=\count93
\dotsspace@=\muskip10
\c@parentequation=\count94
\dspbrk@lvl=\count95
\tag@help=\toks17
\row@=\count96
\column@=\count97
\maxfields@=\count98
\andhelp@=\toks18
\eqnshift@=\dimen108
\alignsep@=\dimen109
\tagshift@=\dimen110
\tagwidth@=\dimen111
\totwidth@=\dimen112
\lineht@=\dimen113
\@envbody=\toks19
\multlinegap=\skip44
\multlinetaggap=\skip45
\mathdisplay@stack=\toks20
LaTeX Info: Redefining \[ on input line 2666.
LaTeX Info: Redefining \] on input line 2667.
)
\c@theorem=\count99
 (tcilatex.tex
TCILATEX Macros for Scientific Word 3.0 <19 May 1997>.
NOTICE: This macro file is NOT proprietary and may be freely copied and distrib
uted.
\@hour=\count100
\@minute=\count101
\GRAPHICSTYPE=\count102
\draft=\count103
\dispkind=\count104
\c@chapter=\count105
\theight=\dimen114
LaTeX Info: Redefining \rm on input line 545.
LaTeX Info: Redefining \sf on input line 546.
LaTeX Info: Redefining \tt on input line 547.
LaTeX Info: Redefining \bf on input line 548.
LaTeX Info: Redefining \it on input line 549.
LaTeX Info: Redefining \sl on input line 550.
LaTeX Info: Redefining \sc on input line 551.
\c@equationnumber=\count106
amsmath already loaded) (text1.aux)
\openout1 = `text1.aux'.

LaTeX Font Info:    Checking defaults for OML/cmm/m/it on input line 48.
LaTeX Font Info:    ... okay on input line 48.
LaTeX Font Info:    Checking defaults for T1/cmr/m/n on input line 48.
LaTeX Font Info:    ... okay on input line 48.
LaTeX Font Info:    Checking defaults for OT1/cmr/m/n on input line 48.
LaTeX Font Info:    ... okay on input line 48.
LaTeX Font Info:    Checking defaults for OMS/cmsy/m/n on input line 48.
LaTeX Font Info:    ... okay on input line 48.
LaTeX Font Info:    Checking defaults for OMX/cmex/m/n on input line 48.
LaTeX Font Info:    ... okay on input line 48.
LaTeX Font Info:    Checking defaults for U/cmr/m/n on input line 48.
LaTeX Font Info:    ... okay on input line 48.
LaTeX Font Info:    Try loading font information for U+msa on input line 73.

(/usr/local/lib/teTeX/texmf/tex/latex/amsfonts/umsa.fd
File: umsa.fd 1995/01/05 v2.2e AMS font definitions
)
LaTeX Font Info:    Try loading font information for U+msb on input line 73.

(/usr/local/lib/teTeX/texmf/tex/latex/amsfonts/umsb.fd
File: umsb.fd 1995/01/05 v2.2e AMS font definitions
)
Overfull \hbox (5.12569pt too wide) in paragraph at lines 94--96
[]$[]$\OT1/cmr/m/n/10 Department of Math-e-mat-ics, Penn-syl-va-nia State Uni-v
er-sity, Uni-ver-sity Park,
 []


Overfull \hbox (18.34785pt too wide) in paragraph at lines 97--99
[]$[]$\OT1/cmr/m/n/10 Department of Math-e-mat-ics and Com-puter Sci-ence, Drex
el Uni-ver-sity, Philadel-
 []


Package amsmath Warning: Foreign command \over;
(amsmath)                \frac or \genfrac should be used instead
(amsmath)                 on input line 120.

[1

]

Package amsmath Warning: Foreign command \atopwithdelims;
(amsmath)                \frac or \genfrac should be used instead
(amsmath)                 on input line 189.

[2]
Overfull \hbox (5.3337pt too wide) in paragraph at lines 309--322
[]$\OML/cmm/m/it/10 S[] \OT1/cmr/m/n/10 = []$ 
 []

[3]
Overfull \hbox (22.88138pt too wide) in paragraph at lines 345--357
[]$\OML/cmm/m/it/10 S[] \OT1/cmr/m/n/10 = [] \OML/cmm/m/it/10 :$ 
 []

[4] [5]
Overfull \hbox (18.3235pt too wide) in paragraph at lines 571--600
[]$[][] [] \OT1/cmr/m/n/10 = [] [] \OML/cmm/m/it/10 :$ 
 []

[6] [7]
Overfull \hbox (30.50958pt too wide) in paragraph at lines 728--746
[]$\OML/cmm/m/it/10 T[] \OT1/cmr/m/n/10 = [] = []$ 
 []


Overfull \hbox (14.5594pt too wide) in paragraph at lines 761--765
[]$\OT1/cmss/m/n/10 S[] [] \OT1/cmr/m/n/10 = [] [][][][] [] \OML/cmm/m/it/10 q 
[] [][] ;$    $N >
 []

[8]
Overfull \hbox (23.44208pt too wide) in paragraph at lines 859--863
[]$\OT1/cmr/m/n/10 = [] \OMS/cmsy/m/n/10 ^^@ [][]$ 
 []


Overfull \hbox (9.2161pt too wide) in paragraph at lines 864--868
[]$\OMS/cmsy/m/n/10 ^^B [] \OT1/cmr/m/n/10 + [][][]\OML/cmm/m/it/10 x[] \OT1/cm
r/m/n/10 +
 []


Overfull \hbox (79.41231pt too wide) in paragraph at lines 885--891
[]$[][] \OT1/cmr/m/n/10 = [] \OMS/cmsy/m/n/10 ^^@ [][] \OT1/cmr/m/n/10 + [][]\O
ML/cmm/m/it/10 :$ 
 []

[9]
Overfull \hbox (62.47496pt too wide) in paragraph at lines 955--957
[]$\OML/cmm/m/it/10 B[] \OT1/cmr/m/n/10 = \OMS/cmsy/m/n/10 ^^@[]\OT1/cmr/m/n/10
 ;$     $\OML/cmm/m/it/10 C[] \OT1/cmr/m/n/10 = []\OML/cmm/m/it/10 ;$
 []

[10]
Overfull \hbox (23.24959pt too wide) in paragraph at lines 985--987
[]$\OML/cmm/m/it/10 B[] \OT1/cmr/m/n/10 = \OMS/cmsy/m/n/10 ^^@[]\OT1/cmr/m/n/10
 ;$     $\OML/cmm/m/it/10 C[] \OT1/cmr/m/n/10 = \OMS/cmsy/m/n/10 ^^@[]\OML/cmm/
m/it/10 ;$
 []

[11]
Overfull \hbox (132.44572pt too wide) in paragraph at lines 1065--1075
[]$\OML/cmm/m/it/10 S[] \OT1/cmr/m/n/10 = [] = [][] [][] [] [][]$ 
 []

[12] (text1.aux) )
(\end occurred when \ifx on line 758 was incomplete) 
Here is how much of TeX's memory you used:
 1627 strings out of 10904
 16940 string characters out of 72396
 73920 words of memory out of 263001
 4579 multiletter control sequences out of 10000+0
 8414 words of font info for 32 fonts, out of 200000 for 1000
 15 hyphenation exceptions out of 1000
 27i,17n,24p,217b,201s stack positions out of 300i,100n,500p,30000b,4000s

Output written on text1.dvi (12 pages, 49804 bytes).
