This is TeX, Version 3.14159 (Web2C 7.2) (format=latex 1998.11.21)  10 DEC 2003 17:18
**carlitz1103.tex
(carlitz1103.tex
LaTeX2e <1998/06/01>
Babel <v3.6j> and hyphenation patterns for english, french, german, ngerman, no
hyphenation, loaded.
(/usr/local/lib/teTeX/texmf/tex/latex/base/article.cls
Document Class: article 1998/05/05 v1.3y Standard LaTeX document class
(/usr/local/lib/teTeX/texmf/tex/latex/base/size12.clo
File: size12.clo 1998/05/05 v1.3y Standard LaTeX file (size option)
)
\c@part=\count79
\c@section=\count80
\c@subsection=\count81
\c@subsubsection=\count82
\c@paragraph=\count83
\c@subparagraph=\count84
\c@figure=\count85
\c@table=\count86
\abovecaptionskip=\skip41
\belowcaptionskip=\skip42
\bibindent=\dimen102
)
(/usr/local/lib/teTeX/texmf/tex/latex/amsmath/amsmath.sty
Package: amsmath 2000/07/18 v2.13 AMS math features
\@mathmargin=\skip43

For additional information on amsmath, use the `?' option.
(/usr/local/lib/teTeX/texmf/tex/latex/amsmath/amstext.sty
Package: amstext 2000/06/29 v2.01

(/usr/local/lib/teTeX/texmf/tex/latex/amsmath/amsgen.sty
File: amsgen.sty 1999/11/30 v2.0
\@emptytoks=\toks14
\ex@=\dimen103
))
(/usr/local/lib/teTeX/texmf/tex/latex/amsmath/amsbsy.sty
Package: amsbsy 1999/11/29 v1.2d
\pmbraise@=\dimen104
)
(/usr/local/lib/teTeX/texmf/tex/latex/amsmath/amsopn.sty
Package: amsopn 1999/12/14 v2.01 operator names
)
\inf@bad=\count87
LaTeX Info: Redefining \frac on input line 211.
\uproot@=\count88
\leftroot@=\count89
LaTeX Info: Redefining \overline on input line 307.
\classnum@=\count90
\DOTSCASE@=\count91
LaTeX Info: Redefining \ldots on input line 379.
LaTeX Info: Redefining \dots on input line 382.
LaTeX Info: Redefining \cdots on input line 467.
\Mathstrutbox@=\box26
\strutbox@=\box27
\big@size=\dimen105
LaTeX Font Info:    Redeclaring font encoding OML on input line 567.
LaTeX Font Info:    Redeclaring font encoding OMS on input line 568.
\macc@depth=\count92
\c@MaxMatrixCols=\count93
\dotsspace@=\muskip10
\c@parentequation=\count94
\dspbrk@lvl=\count95
\tag@help=\toks15
\row@=\count96
\column@=\count97
\maxfields@=\count98
\andhelp@=\toks16
\eqnshift@=\dimen106
\alignsep@=\dimen107
\tagshift@=\dimen108
\tagwidth@=\dimen109
\totwidth@=\dimen110
\lineht@=\dimen111
\@envbody=\toks17
\multlinegap=\skip44
\multlinetaggap=\skip45
\mathdisplay@stack=\toks18
LaTeX Info: Redefining \[ on input line 2666.
LaTeX Info: Redefining \] on input line 2667.
)
(/usr/local/lib/teTeX/texmf/tex/latex/amsfonts/amssymb.sty
Package: amssymb 1996/11/03 v2.2b

(/usr/local/lib/teTeX/texmf/tex/latex/amsfonts/amsfonts.sty
Package: amsfonts 1997/09/17 v2.2e
\symAMSa=\mathgroup4
\symAMSb=\mathgroup5
LaTeX Font Info:    Overwriting math alphabet `\mathfrak' in version `bold'
(Font)                  U/euf/m/n --> U/euf/b/n on input line 133.
))
(/usr/local/lib/teTeX/texmf/tex/latex/amscls/amsthm.sty
Package: amsthm 2000/10/26 v2.08
\thm@style=\toks19
\thm@bodyfont=\toks20
\thm@headfont=\toks21
\thm@notefont=\toks22
\thm@headpunct=\toks23
\thm@preskip=\skip46
\thm@postskip=\skip47
\thm@headsep=\skip48
\dth@everypar=\toks24
)
\c@theorem=\count99
\c@corollary=\count100
 (carlitz1103.aux)
\openout1 = `carlitz1103.aux'.

LaTeX Font Info:    Checking defaults for OML/cmm/m/it on input line 23.
LaTeX Font Info:    ... okay on input line 23.
LaTeX Font Info:    Checking defaults for T1/cmr/m/n on input line 23.
LaTeX Font Info:    ... okay on input line 23.
LaTeX Font Info:    Checking defaults for OT1/cmr/m/n on input line 23.
LaTeX Font Info:    ... okay on input line 23.
LaTeX Font Info:    Checking defaults for OMS/cmsy/m/n on input line 23.
LaTeX Font Info:    ... okay on input line 23.
LaTeX Font Info:    Checking defaults for OMX/cmex/m/n on input line 23.
LaTeX Font Info:    ... okay on input line 23.
LaTeX Font Info:    Checking defaults for U/cmr/m/n on input line 23.
LaTeX Font Info:    ... okay on input line 23.
LaTeX Font Info:    Try loading font information for U+msa on input line 24.

(/usr/local/lib/teTeX/texmf/tex/latex/amsfonts/umsa.fd
File: umsa.fd 1995/01/05 v2.2e AMS font definitions
)
LaTeX Font Info:    Try loading font information for U+msb on input line 24.

(/usr/local/lib/teTeX/texmf/tex/latex/amsfonts/umsb.fd
File: umsb.fd 1995/01/05 v2.2e AMS font definitions
) [1

] [2]

Package amsmath Warning: Foreign command \atopwithdelims;
(amsmath)                \frac or \genfrac should be used instead
(amsmath)                 on input line 58.

[3] [4]
Overfull \hbox (22.65805pt too wide) in paragraph at lines 142--143
[]\OT1/cmr/m/n/12 In Sec-tion 2, we present a triple sum rep-re-sen-ta-tion for
 Car-litz's $^^H[](\OML/cmm/m/it/12 a; b\OT1/cmr/m/n/12 ; \OML/cmm/m/it/12 x; y
\OT1/cmr/m/n/12 ; \OML/cmm/m/it/12 z\OT1/cmr/m/n/12 )$
 []

[5]
Overfull \hbox (36.85968pt too wide) in paragraph at lines 177--178
[]$\OT1/cmr/m/n/12 ^^I[](\OML/cmm/m/it/12 a; b\OT1/cmr/m/n/12 ; \OML/cmm/m/it/1
2 x; y\OT1/cmr/m/n/12 ; \OML/cmm/m/it/12 z\OT1/cmr/m/n/12 )$ has a gen-er-at-in
g func-tion closely re-lated to that of $^^H[](\OML/cmm/m/it/12 a; b\OT1/cmr/m/
n/12 ; \OML/cmm/m/it/12 x; y\OT1/cmr/m/n/12 ; \OML/cmm/m/it/12 z\OT1/cmr/m/n/12
 )$
 []


Overfull \hbox (18.57286pt too wide) in paragraph at lines 179--179
[]$\OT1/cmr/m/n/17.28 ^^H[](\OML/cmm/m/it/17.28 a; b\OT1/cmr/m/n/17.28 ; \OML/c
mm/m/it/17.28 x; y\OT1/cmr/m/n/17.28 ; \OML/cmm/m/it/17.28 z\OT1/cmr/m/n/17.28 
)\OML/cmm/m/it/17.28 ; \OT1/cmr/m/n/17.28 ^^I[](\OML/cmm/m/it/17.28 a; b\OT1/cm
r/m/n/17.28 ; \OML/cmm/m/it/17.28 x; y\OT1/cmr/m/n/17.28 ; \OML/cmm/m/it/17.28 
z\OT1/cmr/m/n/17.28 )$ \OT1/cmr/bx/n/17.28 and the Al-Salam-
 []

[6]
Overfull \hbox (1.6668pt too wide) in paragraph at lines 213--214
[]\OT1/cmr/m/n/12 We note that the sum on $\OML/cmm/m/it/12 s$ \OT1/cmr/m/n/12 
is summable by the sec-ond $\OML/cmm/m/it/12 q$\OT1/cmr/m/n/12 -Chu-Vandermonde

 []

[7]
Overfull \hbox (28.2632pt too wide) in paragraph at lines 229--229
[] 
 []

[8]
Overfull \hbox (29.39716pt too wide) in paragraph at lines 265--266
[]\OT1/cmr/m/n/12 Now by Corol-lary 3.2, we know that the gen-er-at-ing func-ti
on for $^^H[](\OML/cmm/m/it/12 a; b\OT1/cmr/m/n/12 ; \OML/cmm/m/it/12 x; y\OT1/
cmr/m/n/12 ; \OML/cmm/m/it/12 xy\OT1/cmr/m/n/12 )$
 []

[9] [10] [11] (carlitz1103.aux) ) 
Here is how much of TeX's memory you used:
 1216 strings out of 10904
 12957 string characters out of 72396
 63899 words of memory out of 263001
 4169 multiletter control sequences out of 10000+0
 17447 words of font info for 68 fonts, out of 200000 for 1000
 15 hyphenation exceptions out of 1000
 30i,13n,24p,559b,333s stack positions out of 300i,100n,500p,30000b,4000s

Output written on carlitz1103.dvi (11 pages, 31120 bytes).
